
****** PlanAhead v14.7 (64-bit)
  **** Build 321239 by xbuild on Fri Sep 27 19:24:36 MDT 2013
    ** Copyright 1986-1999, 2001-2013 Xilinx, Inc. All Rights Reserved.

INFO: [Common 17-78] Attempting to get a license: PlanAhead
INFO: [Common 17-290] Got license for PlanAhead
INFO: [Common 17-86] Your PlanAhead license expires in -3024 day(s)
INFO: [Device 21-36] Loading parts and site information from /opt/Xilinx/14.7/ISE_DS/PlanAhead/data/parts/arch.xml
Parsing RTL primitives file [/opt/Xilinx/14.7/ISE_DS/PlanAhead/data/parts/xilinx/rtl/prims/rtl_prims.xml]
Finished parsing RTL primitives file [/opt/Xilinx/14.7/ISE_DS/PlanAhead/data/parts/xilinx/rtl/prims/rtl_prims.xml]
start_gui
source /mnt/b/papilio-one-projects/Troubleshoot/Troubleshoot/pa.fromNetlist.tcl
# create_project -name Troubleshoot -dir "/mnt/b/papilio-one-projects/Troubleshoot/Troubleshoot/planAhead_run_3" -part xc3s500evq100-4
create_project: Time (s): cpu = 00:00:11 ; elapsed = 00:00:12 . Memory (MB): peak = 2721.926 ; gain = 20.109
# set_property design_mode GateLvl [get_property srcset [current_run -impl]]
# set_property edif_top_file "/mnt/b/papilio-one-projects/Troubleshoot/Troubleshoot/TEST_LED.ngc" [ get_property srcset [ current_run ] ]
# add_files -norecurse { {/mnt/b/papilio-one-projects/Troubleshoot/Troubleshoot} }
# set_param project.pinAheadLayout  yes
# set_property target_constrs_file "TEST_LED.ucf" [current_fileset -constrset]
Adding file '/mnt/b/papilio-one-projects/Troubleshoot/Troubleshoot/TEST_LED.ucf' to fileset 'constrs_1'
# add_files [list {TEST_LED.ucf}] -fileset [get_property constrset [current_run]]
# link_design
Design is defaulting to srcset: sources_1
Design is defaulting to constrset: constrs_1
Design is defaulting to project part: xc3s500evq100-4
Release 14.7 - ngc2edif P.20131013 (lin64)
Copyright (c) 1995-2013 Xilinx, Inc.  All rights reserved.

Release 14.7 - ngc2edif P.20131013 (lin64)
Copyright (c) 1995-2013 Xilinx, Inc.  All rights reserved.
Reading design TEST_LED.ngc ...
WARNING:NetListWriters:298 - No output is written to TEST_LED.xncf, ignored.
Processing design ...
   Preping design's networks ...
   Preping design's macros ...
  finished :Prep
Writing EDIF netlist file TEST_LED.edif ...
ngc2edif: Total memory usage is 91672 kilobytes

Parsing EDIF File [./planAhead_run_3/Troubleshoot.data/cache/TEST_LED_ngc_5eba01b.edif]
Finished Parsing EDIF File [./planAhead_run_3/Troubleshoot.data/cache/TEST_LED_ngc_5eba01b.edif]
INFO: [Designutils 20-910] Reading macro library /opt/Xilinx/14.7/ISE_DS/PlanAhead/data/./parts/xilinx/spartan3e/spartan3e/hd_int_macros.edn
Parsing EDIF File [/opt/Xilinx/14.7/ISE_DS/PlanAhead/data/./parts/xilinx/spartan3e/spartan3e/hd_int_macros.edn]
Finished Parsing EDIF File [/opt/Xilinx/14.7/ISE_DS/PlanAhead/data/./parts/xilinx/spartan3e/spartan3e/hd_int_macros.edn]
Loading clock regions from /opt/Xilinx/14.7/ISE_DS/PlanAhead/data/parts/xilinx/spartan3e/spartan3e/xc3s500e/ClockRegion.xml
Loading clock buffers from /opt/Xilinx/14.7/ISE_DS/PlanAhead/data/parts/xilinx/spartan3e/spartan3e/xc3s500e/ClockBuffers.xml
Loading package from /opt/Xilinx/14.7/ISE_DS/PlanAhead/data/parts/xilinx/spartan3e/spartan3e/xc3s500e/vq100/Package.xml
Loading io standards from /opt/Xilinx/14.7/ISE_DS/PlanAhead/data/./parts/xilinx/spartan3e/IOStandards.xml
INFO: [Device 21-19] Loading pkg sso from /opt/Xilinx/14.7/ISE_DS/PlanAhead/data/parts/xilinx/spartan3e/spartan3e/xc3s500e/vq100/SSORules.xml
Loading list of drcs for the architecture : /opt/Xilinx/14.7/ISE_DS/PlanAhead/data/./parts/xilinx/spartan3e/spartan3e/drc.xml
INFO: [Timing 38-77] Reading timing library /opt/Xilinx/14.7/ISE_DS/PlanAhead/data/parts/xilinx/spartan3e/spartan3e/spartan3e-4.lib.
INFO: [Timing 38-34] Done reading timing library /opt/Xilinx/14.7/ISE_DS/PlanAhead/data/parts/xilinx/spartan3e/spartan3e/spartan3e-4.lib.
Parsing UCF File [/mnt/b/papilio-one-projects/Troubleshoot/Troubleshoot/TEST_LED.ucf]
Finished Parsing UCF File [/mnt/b/papilio-one-projects/Troubleshoot/Troubleshoot/TEST_LED.ucf]
INFO: [Project 1-111] Unisim Transformation Summary:
No Unisim elements were transformed.

Phase 0 | Netlist Checksum: 0d96d237
link_design: Time (s): cpu = 00:00:46 ; elapsed = 00:00:39 . Memory (MB): peak = 2855.320 ; gain = 123.355
startgroup
set_property package_pin P17 [get_ports LED]
endgroup
set_property pulltype PULLDOWN [get_ports [list LED]]
save_constraints
exit
ERROR: [Common 17-39] 'stop_gui' failed due to earlier errors.
INFO: [Common 17-206] Exiting PlanAhead at Thu Oct 10 10:46:41 2024...
INFO: [Common 17-83] Releasing license: PlanAhead
